<?xml version="1.0" encoding="UTF-8"?>
<!-- Generated by org.testng.reporters.JUnitReportReporter -->
<testsuite hostname="DESKTOP-84DKASJ" failures="0" tests="2" name="abc.JavaTodo" time="37.801" errors="0" timestamp="2023-03-01T16:43:56 IST" skipped="0">
  <testcase classname="abc.JavaTodo" name="testWin11" time="19.704"/>
  <system-out/>
  <testcase classname="abc.JavaTodo" name="testWin10" time="18.097"/>
  <system-out/>
</testsuite> <!-- abc.JavaTodo -->
